<?xml version="1.0" encoding="UTF-8" ?>
<testsuite tests="6" failures="0" name="net.viktorc.pspp.PSPoolTest" time="86.133" errors="0" skipped="0">
  <properties>
[...]
</properties>
  <testcase classname="net.viktorc.pspp.PSPoolTest" name="test1" time="15.138"/>
  <testcase classname="net.viktorc.pspp.PSPoolTest" name="test2" time="11.268"/>
  <testcase classname="net.viktorc.pspp.PSPoolTest" name="test3" time="16.14"/>
  <testcase classname="net.viktorc.pspp.PSPoolTest" name="test4" time="15.854"/>
  <testcase classname="net.viktorc.pspp.PSPoolTest" name="test5" time="11.678"/>
  <testcase classname="net.viktorc.pspp.PSPoolTest" name="test6" time="16.055"/>
</testsuite>